{"/Users/shiweifu/TDD/test-scaffold/src/app/app.js": {"path":"/Users/shiweifu/TDD/test-scaffold/src/app/app.js","statementMap":{"0":{"start":{"line":5,"column":4},"end":{"line":7,"column":5}}},"fnMap":{"0":{"name":"(anonymous_0)","decl":{"start":{"line":4,"column":2},"end":{"line":4,"column":3}},"loc":{"start":{"line":4,"column":11},"end":{"line":8,"column":3}},"line":4}},"branchMap":{},"s":{"0":1},"f":{"0":1},"b":{},"_coverageSchema":"1a1c01bbd47fc00a2c39e90264f33305004495a9","hash":"e6f587de73161e4f17ee6929e8e06bbe927eb622"}
,"/Users/shiweifu/TDD/test-scaffold/src/app/sum.js": {"path":"/Users/shiweifu/TDD/test-scaffold/src/app/sum.js","statementMap":{"0":{"start":{"line":2,"column":4},"end":{"line":2,"column":17}},"1":{"start":{"line":4,"column":0},"end":{"line":4,"column":21}}},"fnMap":{"0":{"name":"sum","decl":{"start":{"line":1,"column":9},"end":{"line":1,"column":12}},"loc":{"start":{"line":1,"column":19},"end":{"line":3,"column":1}},"line":1}},"branchMap":{},"s":{"0":1,"1":1},"f":{"0":1},"b":{},"_coverageSchema":"1a1c01bbd47fc00a2c39e90264f33305004495a9","hash":"8c561b6a70d172d43ce3c60c3e278f628187864f"}
}
